Started at 2022-08-11
Starting (del, eta)=0.0125 10
n steps =800
1.0
2.0
3.0
4.0
5.0
6.0
7.0
8.0
9.0
10.0
Finished (del, eta)=0.0125 10
Starting (del, eta)=0.016 10
n steps =625
2.0
4.0
6.0
8.0
10.0
Finished (del, eta)=0.016 10
Starting (del, eta)=0.025 10
n steps =400
1.0
2.0
3.0
4.0
5.0
6.0
7.0
8.0
9.0
10.0
Finished (del, eta)=0.025 10
Starting (del, eta)=0.025 20
n steps =800
1.0
2.0
3.0
4.0
5.0
6.0
7.0
8.0
9.0
10.0
11.0
12.0
13.0
14.0
15.0
16.0
17.0
18.0
19.0
20.0
Finished (del, eta)=0.025 20
