Started at 2022-08-11
Starting (del, eta)=0.032 10
n steps =312
4.0
8.0
Finished (del, eta)=0.032 10
Starting (del, eta)=0.032 20
n steps =625
4.0
8.0
12.0
16.0
20.0
Finished (del, eta)=0.032 20
Starting (del, eta)=0.0375 10
n steps =267
3.0
6.0
9.0
Finished (del, eta)=0.0375 10
Starting (del, eta)=0.0375 20
n steps =533
3.0
6.0
9.0
12.0
15.0
18.0
Finished (del, eta)=0.0375 20
Starting (del, eta)=0.0375 30
n steps =800
3.0
6.0
9.0
12.0
15.0
18.0
21.0
24.0
27.0
30.0
Finished (del, eta)=0.0375 30
Starting (del, eta)=0.05 10
n steps =200
1.0
2.0
3.0
4.0
5.0
6.0
7.0
8.0
9.0
10.0
Finished (del, eta)=0.05 10
Starting (del, eta)=0.05 20
n steps =400
1.0
2.0
3.0
4.0
5.0
6.0
7.0
8.0
9.0
10.0
11.0
12.0
13.0
14.0
15.0
16.0
17.0
18.0
19.0
20.0
Finished (del, eta)=0.05 20
Starting (del, eta)=0.05 30
n steps =600
1.0
2.0
3.0
4.0
5.0
6.0
7.0
8.0
9.0
10.0
11.0
12.0
13.0
14.0
15.0
16.0
17.0
18.0
19.0
20.0
21.0
22.0
23.0
24.0
25.0
26.0
27.0
28.0
29.0
30.0
Finished (del, eta)=0.05 30
Starting (del, eta)=0.05 40
n steps =800
1.0
2.0
3.0
4.0
5.0
6.0
7.0
8.0
9.0
10.0
11.0
12.0
13.0
14.0
15.0
16.0
17.0
18.0
19.0
20.0
21.0
22.0
23.0
24.0
25.0
26.0
27.0
28.0
29.0
30.0
31.0
32.0
33.0
34.0
35.0
36.0
37.0
38.0
39.0
40.0
Finished (del, eta)=0.05 40
