Started at 2022-08-11
Starting (del, eta)=0.0625 10
n steps =160
1.0
2.0
3.0
4.0
5.0
6.0
7.0
8.0
9.0
10.0
Finished (del, eta)=0.0625 10
Starting (del, eta)=0.0625 20
n steps =320
1.0
2.0
3.0
4.0
5.0
6.0
7.0
8.0
9.0
10.0
11.0
12.0
13.0
14.0
15.0
16.0
17.0
18.0
19.0
20.0
Finished (del, eta)=0.0625 20
Starting (del, eta)=0.0625 30
n steps =480
1.0
2.0
3.0
4.0
5.0
6.0
7.0
8.0
9.0
10.0
11.0
12.0
13.0
14.0
15.0
16.0
17.0
18.0
19.0
20.0
21.0
22.0
23.0
24.0
25.0
26.0
27.0
28.0
29.0
30.0
Finished (del, eta)=0.0625 30
Starting (del, eta)=0.0625 40
n steps =640
1.0
2.0
3.0
4.0
5.0
6.0
7.0
8.0
9.0
10.0
11.0
12.0
13.0
14.0
15.0
16.0
17.0
18.0
19.0
20.0
21.0
22.0
23.0
24.0
25.0
26.0
27.0
28.0
29.0
30.0
31.0
32.0
33.0
34.0
35.0
36.0
37.0
38.0
39.0
40.0
Finished (del, eta)=0.0625 40
Starting (del, eta)=0.0625 50
n steps =800
1.0
2.0
3.0
4.0
5.0
6.0
7.0
8.0
9.0
10.0
11.0
12.0
13.0
14.0
15.0
16.0
17.0
18.0
19.0
20.0
21.0
22.0
23.0
24.0
25.0
26.0
27.0
28.0
29.0
30.0
31.0
32.0
33.0
34.0
35.0
36.0
37.0
38.0
39.0
40.0
41.0
42.0
43.0
44.0
45.0
46.0
47.0
48.0
49.0
50.0
Finished (del, eta)=0.0625 50
Starting (del, eta)=0.075 10
n steps =133
3.0
6.0
9.0
Finished (del, eta)=0.075 10
Starting (del, eta)=0.075 20
n steps =267
3.0
6.0
9.0
12.0
15.0
18.0
Finished (del, eta)=0.075 20
Starting (del, eta)=0.075 30
n steps =400
3.0
6.0
9.0
12.0
15.0
18.0
21.0
24.0
27.0
30.0
Finished (del, eta)=0.075 30
Starting (del, eta)=0.075 40
n steps =533
3.0
6.0
9.0
12.0
15.0
18.0
21.0
24.0
27.0
30.0
33.0
36.0
39.0
Finished (del, eta)=0.075 40
Starting (del, eta)=0.075 50
n steps =667
3.0
6.0
9.0
12.0
15.0
18.0
21.0
24.0
27.0
30.0
33.0
36.0
39.0
42.0
45.0
48.0
Finished (del, eta)=0.075 50
Starting (del, eta)=0.075 60
n steps =800
3.0
6.0
9.0
12.0
15.0
18.0
21.0
24.0
27.0
30.0
33.0
36.0
39.0
42.0
45.0
48.0
51.0
54.0
57.0
60.0
Finished (del, eta)=0.075 60
Starting (del, eta)=0.08 10
n steps =125
2.0
4.0
6.0
8.0
10.0
Finished (del, eta)=0.08 10
Starting (del, eta)=0.08 20
n steps =250
2.0
4.0
6.0
8.0
10.0
12.0
14.0
16.0
18.0
20.0
Finished (del, eta)=0.08 20
Starting (del, eta)=0.08 30
n steps =375
2.0
4.0
6.0
8.0
10.0
12.0
14.0
16.0
18.0
20.0
22.0
24.0
26.0
28.0
30.0
Finished (del, eta)=0.08 30
Starting (del, eta)=0.08 40
n steps =500
2.0
4.0
6.0
8.0
10.0
12.0
14.0
16.0
18.0
20.0
22.0
24.0
26.0
28.0
30.0
32.0
34.0
36.0
38.0
40.0
Finished (del, eta)=0.08 40
Starting (del, eta)=0.08 50
n steps =625
2.0
4.0
6.0
8.0
10.0
12.0
14.0
16.0
18.0
20.0
22.0
24.0
26.0
28.0
30.0
32.0
34.0
36.0
38.0
40.0
42.0
44.0
46.0
48.0
50.0
Finished (del, eta)=0.08 50
Starting (del, eta)=0.08 60
n steps =750
2.0
4.0
6.0
8.0
10.0
12.0
14.0
16.0
18.0
20.0
22.0
24.0
26.0
28.0
30.0
32.0
34.0
36.0
38.0
40.0
42.0
44.0
46.0
48.0
50.0
52.0
54.0
56.0
58.0
60.0
Finished (del, eta)=0.08 60
Starting (del, eta)=0.1 10
n steps =100
1.0
2.0
3.0
4.0
5.0
6.0
7.0
8.0
9.0
10.0
Finished (del, eta)=0.1 10
Starting (del, eta)=0.1 20
n steps =200
1.0
2.0
3.0
4.0
5.0
6.0
7.0
8.0
9.0
10.0
11.0
12.0
13.0
14.0
15.0
16.0
17.0
18.0
19.0
20.0
Finished (del, eta)=0.1 20
Starting (del, eta)=0.1 30
n steps =300
1.0
2.0
3.0
4.0
5.0
6.0
7.0
8.0
9.0
10.0
11.0
12.0
13.0
14.0
15.0
16.0
17.0
18.0
19.0
20.0
21.0
22.0
23.0
24.0
25.0
26.0
27.0
28.0
29.0
30.0
Finished (del, eta)=0.1 30
Starting (del, eta)=0.1 40
n steps =400
1.0
2.0
3.0
4.0
5.0
6.0
7.0
8.0
9.0
10.0
11.0
12.0
13.0
14.0
15.0
16.0
17.0
18.0
19.0
20.0
21.0
22.0
23.0
24.0
25.0
26.0
27.0
28.0
29.0
30.0
31.0
32.0
33.0
34.0
35.0
36.0
37.0
38.0
39.0
40.0
Finished (del, eta)=0.1 40
Starting (del, eta)=0.1 50
n steps =500
1.0
2.0
3.0
4.0
5.0
6.0
7.0
8.0
9.0
10.0
11.0
12.0
13.0
14.0
15.0
16.0
17.0
18.0
19.0
20.0
21.0
22.0
23.0
24.0
25.0
26.0
27.0
28.0
29.0
30.0
31.0
32.0
33.0
34.0
35.0
36.0
37.0
38.0
39.0
40.0
41.0
42.0
43.0
44.0
45.0
46.0
47.0
48.0
49.0
50.0
Finished (del, eta)=0.1 50
Starting (del, eta)=0.1 60
n steps =600
1.0
2.0
3.0
4.0
5.0
6.0
7.0
8.0
9.0
10.0
11.0
12.0
13.0
14.0
15.0
16.0
17.0
18.0
19.0
20.0
21.0
22.0
23.0
24.0
25.0
26.0
27.0
28.0
29.0
30.0
31.0
32.0
33.0
34.0
35.0
36.0
37.0
38.0
39.0
40.0
41.0
42.0
43.0
44.0
45.0
46.0
47.0
48.0
49.0
50.0
51.0
52.0
53.0
54.0
55.0
56.0
57.0
58.0
59.0
60.0
Finished (del, eta)=0.1 60
Starting (del, eta)=0.1 70
n steps =700
1.0
2.0
3.0
4.0
5.0
6.0
7.0
8.0
9.0
10.0
11.0
12.0
13.0
14.0
15.0
16.0
17.0
18.0
19.0
20.0
21.0
22.0
23.0
24.0
25.0
26.0
27.0
28.0
29.0
30.0
31.0
32.0
33.0
34.0
35.0
36.0
37.0
38.0
39.0
40.0
41.0
42.0
43.0
44.0
45.0
46.0
47.0
48.0
49.0
50.0
51.0
52.0
53.0
54.0
55.0
56.0
57.0
58.0
59.0
60.0
61.0
62.0
63.0
64.0
65.0
66.0
67.0
68.0
69.0
70.0
Finished (del, eta)=0.1 70
